1529702844665	geckodriver	INFO	geckodriver 0.19.1
1529702844674	geckodriver	INFO	Listening on 127.0.0.1:63002
1529702847750	mozrunner::runner	INFO	Running command: "C:\\Program Files\\Mozilla Firefox\\firefox.exe" "-marionette" "-profile" "C:\\Users\\B564017\\AppData\\Local\\Temp\\rust_mozprofile.4aMmwE3k8kbp"
Unable to read VR Path Registry from C:\Users\B564017\AppData\Local\openvr\openvrpaths.vrpath
1529702848634	Marionette	INFO	Enabled via --marionette
Unable to read VR Path Registry from C:\Users\B564017\AppData\Local\openvr\openvrpaths.vrpath
Unable to read VR Path Registry from C:\Users\B564017\AppData\Local\openvr\openvrpaths.vrpath
Unable to read VR Path Registry from C:\Users\B564017\AppData\Local\openvr\openvrpaths.vrpath
1529702850254	Marionette	INFO	Listening on port 63010
Unable to read VR Path Registry from C:\Users\B564017\AppData\Local\openvr\openvrpaths.vrpath
1529702850878	Marionette	WARN	TLS certificate errors will be ignored for this session
JavaScript warning: https://appsec.kp.org/js/jquery.min-1.9.0.js, line 4: Using //@ to indicate sourceMappingURL pragmas is deprecated. Use //# instead
JavaScript warning: https://appsec.kp.org/js/jquery.min-1.9.0.js, line 4: Using //@ to indicate sourceMappingURL pragmas is deprecated. Use //# instead
JavaScript error: https://appsec.kp.org/js/custom.js, line 192: TypeError: jQuery(...).revolution is not a function
JavaScript warning: https://appsec.kp.org/js/jquery.min-1.9.0.js, line 4: Using //@ to indicate sourceMappingURL pragmas is deprecated. Use //# instead
JavaScript warning: https://appsec.kp.org/js/jquery.min-1.9.0.js, line 4: Using //@ to indicate sourceMappingURL pragmas is deprecated. Use //# instead
IPDL protocol error: Handler returned error code!

###!!! [Parent][DispatchAsyncMessage] Error: PAPZCTreeManager::Msg_SetTargetAPZC Processing error: message was deserialized, but the handler returned false (indicating failure)

JavaScript warning: https://appsec.kp.org/js/jquery.min-1.9.0.js, line 4: Using //@ to indicate sourceMappingURL pragmas is deprecated. Use //# instead
[Parent 15492, Gecko_IOThread] WARNING: pipe error: 109: file z:/build/build/src/ipc/chromium/src/chrome/common/ipc_channel_win.cc, line 346
[Parent 15492, Gecko_IOThread] WARNING: pipe error: 109: file z:/build/build/src/ipc/chromium/src/chrome/common/ipc_channel_win.cc, line 346
[Child 13020, Chrome_ChildThread] WARNING: pipe error: 109: file z:[Child 1144, Chrome_Ch/build/bildThread] WARNING:uild/src/i pipe error: 109: file z:/build/build/pc/chromium/src/chrome/common/ipc_channel_wisrc/ipc/chromium/src/chrome/common/ipc_channel_win.cc, line 346
n.cc, line 346
[Child 114[Child 13020, Chrome_ChildThre[Parent 15492, Gecko_IOThread] WARNING: pipe error: 109: file z:/build/build/src/ipc/chromium/src/chrome/common/ipc_channel_win.cc, line 346
[Child 11900, Chrome_ChildThread] WARNING: pipe error: 109: file z:/build/build/src/ipc/chromium/src/chrome/common/ipc_channel_win.cc, line 346
[Child 11900,
###!!! [Child][MessageChannel::SendAndWait] Error: Channel error: cannot send/recv

ailure)

JavaScript warning: https://appsec.kp.org/js/jquery.min-1.9.0.js, line 4: Using //@ to indicate sourceMappingURL pragmas is deprecated. Use //# instead
[Parent 3128, Gecko_IOThread] WARNING: pipe error: 109: file z:/build/build/src/ipc/chromium/src/chrome/common/ipc_channel_win.cc, line 346
[Child 19028, Chrome_ChildThread] WARNING: pipe error: 109: file z:/build/build/src/ipc/chromium/src/chrome/common/ipc_channel_win.cc, line 346
[Child 19028, Chrome_Child[TChrhild 5064, Chrome_ChildThread] WARNING: pipe error: 109: file z:/build/build/src/ipc/chromium/src/chrome/common/ipc_channel_win.cc, line 346
[Child 5064, Chrome_ChildThread] WARNING: pipe error: 109: file z:/build/build/src/ip[Parent 3128, Gecko_IOThread] WARNING: pipe error: 109: file z:/build/build/src/ipc/chromium/src/chrome/common/ipc_channel_win.cc, line 346
[Child 18012, Chrome_ChildThread] WARNING: pipe error: 109: file z:/build/build/src/ipc/chromium/src/chrome/common/ipc_channel_win.cc, line 346
[Child 1801[GPU 16696, Chrome_Child
###!!! [Child][MessageChannel::SendAndWait] Error: Channel error: cannot send/recv

ed, but the handler returned false (indicating failure)

JavaScript warning: https://appsec.kp.org/js/jquery.min-1.9.0.js, line 4: Using //@ to indicate sourceMappingURL pragmas is deprecated. Use //# instead
[Parent 5852, Gecko_IOThread] WARNING: pipe error: 109: file z:/build/build/src/ipc/chromium/src/chrome/common/ipc_channel_win.cc, line 346
[Parent 5852, Gecko_IOThread] WARNING: pipe error: 109: file z:/build/build/src/ipc/chromium/src/chrome/common/ipc_channel_win.cc, line 346
[Child 18232, Chrome_ChildThread] WARNING: pipe error: 109: file z:/build/build/src/ipc/chromium/src/chrome/common/ipc_channel_win.cc, line 346
[Child 18232, Chrome_ChildThread] WARNING: pipe error: 109: f[Child 6096, Chrome_ChildThread] WARNING: pipe error: 109: file z:/build/build/src/ipc/chromium/src/chrome/common/ipc_channel_win.cc, line 346
[Child 6096, Chrome_Chil[Parent 5852, Gecko_IOThread] WARNING: pipe error: 109: file z:/build/build/src/ipc/chromium/src/chrome/common/ipc_channel_win.cc, line 346
[Child 5208, Chrome_ChildThread] WARNING: pipe error: 109: file z:/build/build/src/ipc/chromium/src/chrome/common/ipc_channel_win.cc, line 346
[Child 5208, Chr[GPU 16684, Chrome_ChildThrea
###!!! [Child][MessageChannel::SendAndWait] Error: Channel error: cannot send/recv

romium/src/chrome/common/ipc_channel_win.cc, line 346
[Child 3392, Chrome_Ch[Parent 16704, Gecko_IOThread] WARNING: pipe error: 109: file z:/build/build/src/ipc/chromium/src/chrome/common/ipc_channel_win.cc, line 346
[Child 11944, Chrome_ChildThread] WARNING: pipe error: 109: file z:/build/build/src/ipc/chromium/src/chrome/common/ipc_channel_win.cc, line 346
[Child 11[GPU 16264, Chrome_ChildThrea
###!!! [Child][MessageChannel::SendAndWait] Error: Channel error: cannot send/recv

ipc_channel_win.cc, line 346
[Child 14232, Chrome_[GPU 10372, Chrome_ChildThread] WARNING: pipe error: 109: file z:/build/build/src/ipc/chromium/src/chrome/common/ipc_channel_win.cc, line 346

###!!! [Child][MessageChannel::SendAndWait] Error: Channel error: cannot send/recv

Wait] Error: Channel error: cannot send/recv

he handler returned false (indicating failure)

JavaScript warning: https://appsec.kp.org/js/jquery.min-1.9.0.js, line 4: Using //@ to indicate sourceMappingURL pragmas is deprecated. Use //# instead
[Parent 12652, Gecko_IOThread] WARNING: pipe error: 109: file z:/build/build/src/ipc/chromium/src/chrome/common/ipc_channel_win.cc, line 346
[Child 11744, Chrome_ChildThread] WARNING: pipe error: 109: file z:/build/build/src/ipc/chromium/src/chrome/common/ipc_channel_win.cc, line 346
[Child 11744, Chrome_ChildTh[Child 2372, Chrome_ChildThread] WARNING: pipe error: 109: file z:/build/build/src/ipc/chromium/src/chrome/common/ipc_channel_win.cc, line 346
[Child 2372, Chrome_ChildThread] WARNING: pipe error: 109: file z:/build/build/src/ipc/chromium/src/chrome/common/ipc_channel_win.cc, line 346
[Child 19432, Chrome_ChildThread] WARNING: pipe error: 109: file z:/build/build/src/ipc/chromium/src/chrome/common/ipc_channel_win.cc, line 346
[Child 1943[GPU 19404, Chrome_Chil
###!!! [Child][MessageChannel::SendAndWait] Error: Channel error: cannot send/recv

t returned failure code: 0x8000ffff (NS_ERROR_UNEXPECTED) [nsIMessageSender.sendAsyncMessage]

###!!! [Child][MessageChannel] Error: (msgtype=0x150001,name=PBrowser::Msg_AsyncMessage) Closed channel: cannot send/recv

JavaScript error: chrome://browser/content/content.js, line 700: NS_ERROR_UNEXPECTED: Component returned failure code: 0x8000ffff (NS_ERROR_UNEXPECTED) [nsIMessageSender.sendAsyncMessage]

###!!! [Child][MessageChannel] Error: (msgtype=0x15002B,name=PBrowser::Msg_SetInputContext) Closed channel: cannot send/recv

[Parent 16304, Gecko_IOThread] WARNING: pipe error: 109: file z:/build/build/src/ipc/chromium/src/chrome/common/ipc_channel_win.cc, line 346
[Child 11760, Chrome_ChildThread] WARNING: pipe error: 109: file z:/build/build/src/ipc/chromium/src/chrome/common/ipc_channel_win.cc, line 346
[Child 11760, Chrome_ChildThread] WARNING: pipe error: 109: file z:/build/build/src/ipc/chromium/src/chrome/common/